[Mon Oct 31 2016 15:46:47 GMT+0800 (中国标准时间)] /stylesheets/style.css
Error: Error setting TTL index on collection : sessions
    at C:\Users\yuanxiu\Hello World\blog\node_modules\connect-mongo\lib\connect-mongo.js:161:23
    at C:\Users\yuanxiu\Hello World\blog\node_modules\connect-mongo\node_modules\mongodb\lib\mongodb\db.js:1404:28
    at C:\Users\yuanxiu\Hello World\blog\node_modules\connect-mongo\node_modules\mongodb\lib\mongodb\db.js:1542:30
    at C:\Users\yuanxiu\Hello World\blog\node_modules\connect-mongo\node_modules\mongodb\lib\mongodb\cursor.js:159:22
    at commandHandler (C:\Users\yuanxiu\Hello World\blog\node_modules\connect-mongo\node_modules\mongodb\lib\mongodb\cursor.js:678:48)
    at Db._executeQueryCommand (C:\Users\yuanxiu\Hello World\blog\node_modules\connect-mongo\node_modules\mongodb\lib\mongodb\db.js:1802:12)
    at Cursor.nextObject (C:\Users\yuanxiu\Hello World\blog\node_modules\connect-mongo\node_modules\mongodb\lib\mongodb\cursor.js:729:13)
    at Cursor.toArray (C:\Users\yuanxiu\Hello World\blog\node_modules\connect-mongo\node_modules\mongodb\lib\mongodb\cursor.js:158:10)
    at Cursor.toArray (C:\Users\yuanxiu\Hello World\blog\node_modules\connect-mongo\node_modules\mongodb\lib\mongodb\scope.js:10:20)
    at C:\Users\yuanxiu\Hello World\blog\node_modules\connect-mongo\node_modules\mongodb\lib\mongodb\db.js:1541:65
[Mon Oct 31 2016 15:46:47 GMT+0800 (中国标准时间)] /stylesheets/style.css
Error: no open connections
    at Db._executeQueryCommand (C:\Users\yuanxiu\Hello World\blog\node_modules\connect-mongo\node_modules\mongodb\lib\mongodb\db.js:1802:21)
    at Cursor.nextObject (C:\Users\yuanxiu\Hello World\blog\node_modules\connect-mongo\node_modules\mongodb\lib\mongodb\cursor.js:729:13)
    at Cursor.nextObject (C:\Users\yuanxiu\Hello World\blog\node_modules\connect-mongo\node_modules\mongodb\lib\mongodb\scope.js:22:20)
    at Collection.findOne (C:\Users\yuanxiu\Hello World\blog\node_modules\connect-mongo\node_modules\mongodb\lib\mongodb\collection\query.js:145:10)
    at C:\Users\yuanxiu\Hello World\blog\node_modules\connect-mongo\lib\connect-mongo.js:214:18
    at MongoStore._get_collection (C:\Users\yuanxiu\Hello World\blog\node_modules\connect-mongo\lib\connect-mongo.js:148:21)
    at MongoStore.get (C:\Users\yuanxiu\Hello World\blog\node_modules\connect-mongo\lib\connect-mongo.js:213:10)
    at session (C:\Users\yuanxiu\Hello World\blog\node_modules\express-session\index.js:356:11)
    at Layer.handle [as handle_request] (C:\Users\yuanxiu\Hello World\blog\node_modules\express\lib\router\layer.js:82:5)
    at trim_prefix (C:\Users\yuanxiu\Hello World\blog\node_modules\express\lib\router\index.js:271:13)
[Tue Nov 01 2016 17:15:20 GMT+0800 (中国标准时间)] /
MongoError: Topology was destroyed
    at nextFunction (C:\Users\yuanxiu\Hello World\blog\node_modules\mongodb-core\lib\cursor.js:544:25)
    at Cursor.next [as _next] (C:\Users\yuanxiu\Hello World\blog\node_modules\mongodb-core\lib\cursor.js:696:3)
    at nextObject (C:\Users\yuanxiu\Hello World\blog\node_modules\mongodb\lib\cursor.js:672:8)
    at Cursor.next (C:\Users\yuanxiu\Hello World\blog\node_modules\mongodb\lib\cursor.js:262:12)
    at findOne (C:\Users\yuanxiu\Hello World\blog\node_modules\mongodb\lib\collection.js:1401:10)
    at Collection.findOne (C:\Users\yuanxiu\Hello World\blog\node_modules\mongodb\lib\collection.js:1387:44)
    at tryCatcher (C:\Users\yuanxiu\Hello World\blog\node_modules\bluebird\js\release\util.js:16:23)
    at ret [as findOneAsync] (eval at <anonymous> (C:\Users\yuanxiu\Hello World\blog\node_modules\bluebird\js\release\promisify.js:184:12), <anonymous>:14:23)
    at collectionReady.then.collection (C:\Users\yuanxiu\Hello World\blog\node_modules\connect-mongo\src\index.js:195:48)
    at tryCatcher (C:\Users\yuanxiu\Hello World\blog\node_modules\bluebird\js\release\util.js:16:23)
    at Promise._settlePromiseFromHandler (C:\Users\yuanxiu\Hello World\blog\node_modules\bluebird\js\release\promise.js:510:31)
    at Promise._settlePromise (C:\Users\yuanxiu\Hello World\blog\node_modules\bluebird\js\release\promise.js:567:18)
    at Promise._settlePromiseCtx (C:\Users\yuanxiu\Hello World\blog\node_modules\bluebird\js\release\promise.js:604:10)
    at Async._drainQueue (C:\Users\yuanxiu\Hello World\blog\node_modules\bluebird\js\release\async.js:143:12)
    at Async._drainQueues (C:\Users\yuanxiu\Hello World\blog\node_modules\bluebird\js\release\async.js:148:10)
    at Immediate.Async.drainQueues [as _onImmediate] (C:\Users\yuanxiu\Hello World\blog\node_modules\bluebird\js\release\async.js:17:14)
[Thu Nov 10 2016 08:59:35 GMT+0800 (中国标准时间)] /archive
MongoError: server instance in invalid state undefined
    at Function.MongoError.create (C:\Users\yuanxiu\Hello World\blog\node_modules\mongodb-core\lib\error.js:29:11)
    at Server.connect (C:\Users\yuanxiu\Hello World\blog\node_modules\mongodb-core\lib\topologies\server.js:341:22)
    at Server.connect (C:\Users\yuanxiu\Hello World\blog\node_modules\mongodb\lib\server.js:357:17)
    at open (C:\Users\yuanxiu\Hello World\blog\node_modules\mongodb\lib\db.js:222:19)
    at Db.open (C:\Users\yuanxiu\Hello World\blog\node_modules\mongodb\lib\db.js:245:44)
    at Function.Post.getArchive (C:\Users\yuanxiu\Hello World\blog\models\post.js:284:11)
    at C:\Users\yuanxiu\Hello World\blog\routes\index.js:158:10
    at Layer.handle [as handle_request] (C:\Users\yuanxiu\Hello World\blog\node_modules\express\lib\router\layer.js:95:5)
    at next (C:\Users\yuanxiu\Hello World\blog\node_modules\express\lib\router\route.js:131:13)
    at Route.dispatch (C:\Users\yuanxiu\Hello World\blog\node_modules\express\lib\router\route.js:112:3)
    at Layer.handle [as handle_request] (C:\Users\yuanxiu\Hello World\blog\node_modules\express\lib\router\layer.js:95:5)
    at C:\Users\yuanxiu\Hello World\blog\node_modules\express\lib\router\index.js:277:22
    at Function.process_params (C:\Users\yuanxiu\Hello World\blog\node_modules\express\lib\router\index.js:330:12)
    at next (C:\Users\yuanxiu\Hello World\blog\node_modules\express\lib\router\index.js:271:10)
    at SendStream.error (C:\Users\yuanxiu\Hello World\blog\node_modules\serve-static\index.js:120:7)
    at emitOne (events.js:96:13)
    at SendStream.emit (events.js:188:7)
[Wed Nov 30 2016 14:46:36 GMT+0800 (中国标准时间)] /
MongoError: Topology was destroyed
    at nextFunction (C:\Users\yuanxiu\Hello World\blog\node_modules\mongodb-core\lib\cursor.js:544:25)
    at Cursor.next [as _next] (C:\Users\yuanxiu\Hello World\blog\node_modules\mongodb-core\lib\cursor.js:696:3)
    at nextObject (C:\Users\yuanxiu\Hello World\blog\node_modules\mongodb\lib\cursor.js:672:8)
    at Cursor.next (C:\Users\yuanxiu\Hello World\blog\node_modules\mongodb\lib\cursor.js:262:12)
    at findOne (C:\Users\yuanxiu\Hello World\blog\node_modules\mongodb\lib\collection.js:1401:10)
    at Collection.findOne (C:\Users\yuanxiu\Hello World\blog\node_modules\mongodb\lib\collection.js:1387:44)
    at tryCatcher (C:\Users\yuanxiu\Hello World\blog\node_modules\bluebird\js\release\util.js:16:23)
    at ret [as findOneAsync] (eval at <anonymous> (C:\Users\yuanxiu\Hello World\blog\node_modules\bluebird\js\release\promisify.js:1:0), <anonymous>:14:23)
    at collectionReady.then.collection (C:\Users\yuanxiu\Hello World\blog\node_modules\connect-mongo\src\index.js:195:48)
    at tryCatcher (C:\Users\yuanxiu\Hello World\blog\node_modules\bluebird\js\release\util.js:16:23)
    at Promise._settlePromiseFromHandler (C:\Users\yuanxiu\Hello World\blog\node_modules\bluebird\js\release\promise.js:510:31)
    at Promise._settlePromise (C:\Users\yuanxiu\Hello World\blog\node_modules\bluebird\js\release\promise.js:567:18)
    at Promise._settlePromiseCtx (C:\Users\yuanxiu\Hello World\blog\node_modules\bluebird\js\release\promise.js:604:10)
    at Async._drainQueue (C:\Users\yuanxiu\Hello World\blog\node_modules\bluebird\js\release\async.js:143:12)
    at Async._drainQueues (C:\Users\yuanxiu\Hello World\blog\node_modules\bluebird\js\release\async.js:148:10)
    at Immediate.Async.drainQueues [as _onImmediate] (C:\Users\yuanxiu\Hello World\blog\node_modules\bluebird\js\release\async.js:17:14)
[Wed Nov 30 2016 14:46:40 GMT+0800 (中国标准时间)] /
MongoError: Topology was destroyed
    at nextFunction (C:\Users\yuanxiu\Hello World\blog\node_modules\mongodb-core\lib\cursor.js:544:25)
    at Cursor.next [as _next] (C:\Users\yuanxiu\Hello World\blog\node_modules\mongodb-core\lib\cursor.js:696:3)
    at nextObject (C:\Users\yuanxiu\Hello World\blog\node_modules\mongodb\lib\cursor.js:672:8)
    at Cursor.next (C:\Users\yuanxiu\Hello World\blog\node_modules\mongodb\lib\cursor.js:262:12)
    at findOne (C:\Users\yuanxiu\Hello World\blog\node_modules\mongodb\lib\collection.js:1401:10)
    at Collection.findOne (C:\Users\yuanxiu\Hello World\blog\node_modules\mongodb\lib\collection.js:1387:44)
    at tryCatcher (C:\Users\yuanxiu\Hello World\blog\node_modules\bluebird\js\release\util.js:16:23)
    at ret [as findOneAsync] (eval at <anonymous> (C:\Users\yuanxiu\Hello World\blog\node_modules\bluebird\js\release\promisify.js:1:0), <anonymous>:14:23)
    at collectionReady.then.collection (C:\Users\yuanxiu\Hello World\blog\node_modules\connect-mongo\src\index.js:195:48)
    at tryCatcher (C:\Users\yuanxiu\Hello World\blog\node_modules\bluebird\js\release\util.js:16:23)
    at Promise._settlePromiseFromHandler (C:\Users\yuanxiu\Hello World\blog\node_modules\bluebird\js\release\promise.js:510:31)
    at Promise._settlePromise (C:\Users\yuanxiu\Hello World\blog\node_modules\bluebird\js\release\promise.js:567:18)
    at Promise._settlePromiseCtx (C:\Users\yuanxiu\Hello World\blog\node_modules\bluebird\js\release\promise.js:604:10)
    at Async._drainQueue (C:\Users\yuanxiu\Hello World\blog\node_modules\bluebird\js\release\async.js:143:12)
    at Async._drainQueues (C:\Users\yuanxiu\Hello World\blog\node_modules\bluebird\js\release\async.js:148:10)
    at Immediate.Async.drainQueues [as _onImmediate] (C:\Users\yuanxiu\Hello World\blog\node_modules\bluebird\js\release\async.js:17:14)
[Wed Nov 30 2016 14:46:57 GMT+0800 (中国标准时间)] /
MongoError: Topology was destroyed
    at nextFunction (C:\Users\yuanxiu\Hello World\blog\node_modules\mongodb-core\lib\cursor.js:544:25)
    at Cursor.next [as _next] (C:\Users\yuanxiu\Hello World\blog\node_modules\mongodb-core\lib\cursor.js:696:3)
    at nextObject (C:\Users\yuanxiu\Hello World\blog\node_modules\mongodb\lib\cursor.js:672:8)
    at Cursor.next (C:\Users\yuanxiu\Hello World\blog\node_modules\mongodb\lib\cursor.js:262:12)
    at findOne (C:\Users\yuanxiu\Hello World\blog\node_modules\mongodb\lib\collection.js:1401:10)
    at Collection.findOne (C:\Users\yuanxiu\Hello World\blog\node_modules\mongodb\lib\collection.js:1387:44)
    at tryCatcher (C:\Users\yuanxiu\Hello World\blog\node_modules\bluebird\js\release\util.js:16:23)
    at ret [as findOneAsync] (eval at <anonymous> (C:\Users\yuanxiu\Hello World\blog\node_modules\bluebird\js\release\promisify.js:1:0), <anonymous>:14:23)
    at collectionReady.then.collection (C:\Users\yuanxiu\Hello World\blog\node_modules\connect-mongo\src\index.js:195:48)
    at tryCatcher (C:\Users\yuanxiu\Hello World\blog\node_modules\bluebird\js\release\util.js:16:23)
    at Promise._settlePromiseFromHandler (C:\Users\yuanxiu\Hello World\blog\node_modules\bluebird\js\release\promise.js:510:31)
    at Promise._settlePromise (C:\Users\yuanxiu\Hello World\blog\node_modules\bluebird\js\release\promise.js:567:18)
    at Promise._settlePromiseCtx (C:\Users\yuanxiu\Hello World\blog\node_modules\bluebird\js\release\promise.js:604:10)
    at Async._drainQueue (C:\Users\yuanxiu\Hello World\blog\node_modules\bluebird\js\release\async.js:143:12)
    at Async._drainQueues (C:\Users\yuanxiu\Hello World\blog\node_modules\bluebird\js\release\async.js:148:10)
    at Immediate.Async.drainQueues [as _onImmediate] (C:\Users\yuanxiu\Hello World\blog\node_modules\bluebird\js\release\async.js:17:14)
